[debug] [2020-11-18T11:18:16.620Z] ----------------------------------------------------------------------
[debug] [2020-11-18T11:18:16.627Z] Command:       C:\Program Files\nodejs\node.exe C:\Users\innoc\AppData\Roaming\npm\node_modules\firebase-tools\lib\bin\firebase.js emulators:start
[debug] [2020-11-18T11:18:16.628Z] CLI Version:   8.11.2
[debug] [2020-11-18T11:18:16.628Z] Platform:      win32
[debug] [2020-11-18T11:18:16.628Z] Node Version:  v14.8.0
[debug] [2020-11-18T11:18:16.630Z] Time:          Wed Nov 18 2020 16:18:16 GMT+0500 (Pakistan Standard Time)
[debug] [2020-11-18T11:18:16.631Z] ----------------------------------------------------------------------
[debug] [2020-11-18T11:18:16.631Z] 
[debug] [2020-11-18T11:18:16.653Z] > command requires scopes: ["email","openid","https://www.googleapis.com/auth/cloudplatformprojects.readonly","https://www.googleapis.com/auth/firebase","https://www.googleapis.com/auth/cloud-platform"]
[debug] [2020-11-18T11:18:16.654Z] > authorizing via signed-in user
[info] i  emulators: Starting emulators: functions, hosting {"metadata":{"emulator":{"name":"hub"},"message":"Starting emulators: functions, hosting"}}
[debug] [2020-11-18T11:18:18.783Z] [hub] writing locator at C:\Users\innoc\AppData\Local\Temp\hub-fir-b194d.json
[warn] !  functions: The following emulators are not running, calls to these services from the Functions emulator will affect production: auth, firestore, database, pubsub {"metadata":{"emulator":{"name":"functions"},"message":"The following emulators are not running, calls to these services from the Functions emulator will affect production: \u001b[1mauth, firestore, database, pubsub\u001b[22m"}}
[warn] !  Your requested "node" version "10" doesn't match your global version "14" {"metadata":{"emulator":{"name":"functions"},"message":"Your requested \"node\" version \"10\" doesn't match your global version \"14\""}}
[debug] [2020-11-18T11:18:20.892Z] defaultcredentials: writing to file C:\Users\innoc\AppData\Roaming\firebase\waleed_naseem1_gmail.com_application_default_credentials.json
[debug] [2020-11-18T11:18:20.899Z] Setting GAC to C:\Users\innoc\AppData\Roaming\firebase\waleed_naseem1_gmail.com_application_default_credentials.json {"metadata":{"emulator":{"name":"functions"},"message":"Setting GAC to C:\\Users\\innoc\\AppData\\Roaming\\firebase\\waleed_naseem1_gmail.com_application_default_credentials.json"}}
[debug] [2020-11-18T11:18:22.975Z] >>> HTTP REQUEST GET https://firebase.googleapis.com/v1beta1/projects/fir-b194d/webApps/-/config  
 
[debug] [2020-11-18T11:18:23.909Z] <<< HTTP RESPONSE 200 {"content-type":"application/json; charset=UTF-8","vary":"X-Origin, Referer, Origin,Accept-Encoding","date":"Wed, 18 Nov 2020 11:18:24 GMT","server":"ESF","cache-control":"private","x-xss-protection":"0","x-frame-options":"SAMEORIGIN","x-content-type-options":"nosniff","alt-svc":"h3-Q050=\":443\"; ma=2592000,h3-29=\":443\"; ma=2592000,h3-T051=\":443\"; ma=2592000,h3-Q046=\":443\"; ma=2592000,h3-Q043=\":443\"; ma=2592000,quic=\":443\"; ma=2592000; v=\"46,43\"","accept-ranges":"none","transfer-encoding":"chunked"}
[info] i  hosting: Serving hosting files from: built {"metadata":{"emulator":{"name":"hosting"},"message":"Serving hosting files from: \u001b[1mbuilt\u001b[22m"}}
[info] +  hosting: Local server: http://localhost:5000 {"metadata":{"emulator":{"name":"hosting"},"message":"Local server: \u001b[4m\u001b[1mhttp://localhost:5000\u001b[22m\u001b[24m"}}
[debug] [2020-11-18T11:18:28.047Z] Ignoring unsupported arg: auto_download {"metadata":{"emulator":{"name":"ui"},"message":"Ignoring unsupported arg: auto_download"}}
[debug] [2020-11-18T11:18:28.047Z] Ignoring unsupported arg: port {"metadata":{"emulator":{"name":"ui"},"message":"Ignoring unsupported arg: port"}}
[debug] [2020-11-18T11:18:28.048Z] Starting Emulator UI with command {"binary":"node","args":["C:\\Users\\innoc\\.cache\\firebase\\emulators\\ui-v1.1.1\\server.bundle.js"],"optionalArgs":[],"joinArgs":false} {"metadata":{"emulator":{"name":"ui"},"message":"Starting Emulator UI with command {\"binary\":\"node\",\"args\":[\"C:\\\\Users\\\\innoc\\\\.cache\\\\firebase\\\\emulators\\\\ui-v1.1.1\\\\server.bundle.js\"],\"optionalArgs\":[],\"joinArgs\":false}"}}
[info] i  ui: Emulator UI logging to ui-debug.log {"metadata":{"emulator":{"name":"ui"},"message":"Emulator UI logging to \u001b[1mui-debug.log\u001b[22m"}}
[debug] [2020-11-18T11:18:28.267Z] Web / API server started at http://localhost:4000
 {"metadata":{"emulator":{"name":"ui"},"message":"Web / API server started at http://localhost:4000\n"}}
[info] i  functions: Watching "C:\Users\innoc\Desktop\react\React-js\website\functions" for Cloud Functions... {"metadata":{"emulator":{"name":"functions"},"message":"Watching \"C:\\Users\\innoc\\Desktop\\react\\React-js\\website\\functions\" for Cloud Functions..."}}
[debug] [2020-11-18T11:18:28.604Z] [worker-pool] addWorker(~diagnostic~) {"metadata":{"emulator":{"name":"functions"},"message":"[worker-pool] addWorker(~diagnostic~)"}}
[debug] [2020-11-18T11:18:28.604Z] [worker-pool] Adding worker with key ~diagnostic~, total=1 {"metadata":{"emulator":{"name":"functions"},"message":"[worker-pool] Adding worker with key ~diagnostic~, total=1"}}
[debug] [2020-11-18T11:18:28.605Z] [worker-pool] submitWork(triggerId=) {"metadata":{"emulator":{"name":"functions"},"message":"[worker-pool] submitWork(triggerId=)"}}
[debug] [2020-11-18T11:18:28.606Z] [worker-~diagnostic~-8ca1e126-f13c-40b8-9416-ba1bb303cf17]: Assigning socketPath: \\?\pipe\C:\Users\innoc\Desktop\react\React-js\website\functions\15544 {"metadata":{"emulator":{"name":"functions"},"message":"[worker-~diagnostic~-8ca1e126-f13c-40b8-9416-ba1bb303cf17]: Assigning socketPath: \\\\?\\pipe\\C:\\Users\\innoc\\Desktop\\react\\React-js\\website\\functions\\15544"}}
[debug] [2020-11-18T11:18:28.607Z] [worker-~diagnostic~-8ca1e126-f13c-40b8-9416-ba1bb303cf17]: BUSY {"metadata":{"emulator":{"name":"functions"},"message":"[worker-~diagnostic~-8ca1e126-f13c-40b8-9416-ba1bb303cf17]: BUSY"}}
[debug] [2020-11-18T11:18:29.409Z] [runtime-status] [15544] Functions runtime initialized. {"cwd":"C:\\Users\\innoc\\Desktop\\react\\React-js\\website\\functions","node_version":"14.8.0"} {"metadata":{"emulator":{"name":"functions"},"message":"[runtime-status] [15544] Functions runtime initialized. {\"cwd\":\"C:\\\\Users\\\\innoc\\\\Desktop\\\\react\\\\React-js\\\\website\\\\functions\",\"node_version\":\"14.8.0\"}"}}
[debug] [2020-11-18T11:18:29.418Z] [runtime-status] [15544] Disabled runtime features: undefined {"metadata":{"emulator":{"name":"functions"},"message":"[runtime-status] [15544] Disabled runtime features: undefined"}}
[debug] [2020-11-18T11:18:29.432Z] [runtime-status] [15544] Resolved module firebase-admin {"declared":true,"installed":true,"version":"8.13.0","resolution":"C:\\Users\\innoc\\Desktop\\react\\React-js\\website\\functions\\node_modules\\firebase-admin\\lib\\index.js"} {"metadata":{"emulator":{"name":"functions"},"message":"[runtime-status] [15544] Resolved module firebase-admin {\"declared\":true,\"installed\":true,\"version\":\"8.13.0\",\"resolution\":\"C:\\\\Users\\\\innoc\\\\Desktop\\\\react\\\\React-js\\\\website\\\\functions\\\\node_modules\\\\firebase-admin\\\\lib\\\\index.js\"}"}}
[debug] [2020-11-18T11:18:29.436Z] [runtime-status] [15544] Resolved module firebase-functions {"declared":true,"installed":true,"version":"3.11.0","resolution":"C:\\Users\\innoc\\Desktop\\react\\React-js\\website\\functions\\node_modules\\firebase-functions\\lib\\index.js"} {"metadata":{"emulator":{"name":"functions"},"message":"[runtime-status] [15544] Resolved module firebase-functions {\"declared\":true,\"installed\":true,\"version\":\"3.11.0\",\"resolution\":\"C:\\\\Users\\\\innoc\\\\Desktop\\\\react\\\\React-js\\\\website\\\\functions\\\\node_modules\\\\firebase-functions\\\\lib\\\\index.js\"}"}}
[debug] [2020-11-18T11:18:29.439Z] [runtime-status] [15544] Resolved module firebase-functions {"declared":true,"installed":true,"version":"3.11.0","resolution":"C:\\Users\\innoc\\Desktop\\react\\React-js\\website\\functions\\node_modules\\firebase-functions\\lib\\index.js"} {"metadata":{"emulator":{"name":"functions"},"message":"[runtime-status] [15544] Resolved module firebase-functions {\"declared\":true,\"installed\":true,\"version\":\"3.11.0\",\"resolution\":\"C:\\\\Users\\\\innoc\\\\Desktop\\\\react\\\\React-js\\\\website\\\\functions\\\\node_modules\\\\firebase-functions\\\\lib\\\\index.js\"}"}}
[debug] [2020-11-18T11:18:29.442Z] [runtime-status] [15544] Outgoing network have been stubbed. [{"name":"http","status":"mocked"},{"name":"http","status":"mocked"},{"name":"https","status":"mocked"},{"name":"https","status":"mocked"},{"name":"net","status":"mocked"}] {"metadata":{"emulator":{"name":"functions"},"message":"[runtime-status] [15544] Outgoing network have been stubbed. [{\"name\":\"http\",\"status\":\"mocked\"},{\"name\":\"http\",\"status\":\"mocked\"},{\"name\":\"https\",\"status\":\"mocked\"},{\"name\":\"https\",\"status\":\"mocked\"},{\"name\":\"net\",\"status\":\"mocked\"}]"}}
[debug] [2020-11-18T11:18:29.443Z] [runtime-status] [15544] Resolved module firebase-functions {"declared":true,"installed":true,"version":"3.11.0","resolution":"C:\\Users\\innoc\\Desktop\\react\\React-js\\website\\functions\\node_modules\\firebase-functions\\lib\\index.js"} {"metadata":{"emulator":{"name":"functions"},"message":"[runtime-status] [15544] Resolved module firebase-functions {\"declared\":true,\"installed\":true,\"version\":\"3.11.0\",\"resolution\":\"C:\\\\Users\\\\innoc\\\\Desktop\\\\react\\\\React-js\\\\website\\\\functions\\\\node_modules\\\\firebase-functions\\\\lib\\\\index.js\"}"}}
[debug] [2020-11-18T11:18:29.530Z] [runtime-status] [15544] Checked functions.config() {"config":{}} {"metadata":{"emulator":{"name":"functions"},"message":"[runtime-status] [15544] Checked functions.config() {\"config\":{}}"}}
[debug] [2020-11-18T11:18:29.531Z] [runtime-status] [15544] firebase-functions has been stubbed. {"functionsResolution":{"declared":true,"installed":true,"version":"3.11.0","resolution":"C:\\Users\\innoc\\Desktop\\react\\React-js\\website\\functions\\node_modules\\firebase-functions\\lib\\index.js"}} {"metadata":{"emulator":{"name":"functions"},"message":"[runtime-status] [15544] firebase-functions has been stubbed. {\"functionsResolution\":{\"declared\":true,\"installed\":true,\"version\":\"3.11.0\",\"resolution\":\"C:\\\\Users\\\\innoc\\\\Desktop\\\\react\\\\React-js\\\\website\\\\functions\\\\node_modules\\\\firebase-functions\\\\lib\\\\index.js\"}}"}}
[debug] [2020-11-18T11:18:29.532Z] [runtime-status] [15544] Resolved module firebase-functions {"declared":true,"installed":true,"version":"3.11.0","resolution":"C:\\Users\\innoc\\Desktop\\react\\React-js\\website\\functions\\node_modules\\firebase-functions\\lib\\index.js"} {"metadata":{"emulator":{"name":"functions"},"message":"[runtime-status] [15544] Resolved module firebase-functions {\"declared\":true,\"installed\":true,\"version\":\"3.11.0\",\"resolution\":\"C:\\\\Users\\\\innoc\\\\Desktop\\\\react\\\\React-js\\\\website\\\\functions\\\\node_modules\\\\firebase-functions\\\\lib\\\\index.js\"}"}}
[debug] [2020-11-18T11:18:29.534Z] [runtime-status] [15544] Resolved module firebase-admin {"declared":true,"installed":true,"version":"8.13.0","resolution":"C:\\Users\\innoc\\Desktop\\react\\React-js\\website\\functions\\node_modules\\firebase-admin\\lib\\index.js"} {"metadata":{"emulator":{"name":"functions"},"message":"[runtime-status] [15544] Resolved module firebase-admin {\"declared\":true,\"installed\":true,\"version\":\"8.13.0\",\"resolution\":\"C:\\\\Users\\\\innoc\\\\Desktop\\\\react\\\\React-js\\\\website\\\\functions\\\\node_modules\\\\firebase-admin\\\\lib\\\\index.js\"}"}}
[debug] [2020-11-18T11:18:29.535Z] [runtime-status] [15544] Resolved module firebase-functions {"declared":true,"installed":true,"version":"3.11.0","resolution":"C:\\Users\\innoc\\Desktop\\react\\React-js\\website\\functions\\node_modules\\firebase-functions\\lib\\index.js"} {"metadata":{"emulator":{"name":"functions"},"message":"[runtime-status] [15544] Resolved module firebase-functions {\"declared\":true,\"installed\":true,\"version\":\"3.11.0\",\"resolution\":\"C:\\\\Users\\\\innoc\\\\Desktop\\\\react\\\\React-js\\\\website\\\\functions\\\\node_modules\\\\firebase-functions\\\\lib\\\\index.js\"}"}}
[debug] [2020-11-18T11:18:29.536Z] [runtime-status] [15544] firebase-admin has been stubbed. {"adminResolution":{"declared":true,"installed":true,"version":"8.13.0","resolution":"C:\\Users\\innoc\\Desktop\\react\\React-js\\website\\functions\\node_modules\\firebase-admin\\lib\\index.js"}} {"metadata":{"emulator":{"name":"functions"},"message":"[runtime-status] [15544] firebase-admin has been stubbed. {\"adminResolution\":{\"declared\":true,\"installed\":true,\"version\":\"8.13.0\",\"resolution\":\"C:\\\\Users\\\\innoc\\\\Desktop\\\\react\\\\React-js\\\\website\\\\functions\\\\node_modules\\\\firebase-admin\\\\lib\\\\index.js\"}}"}}
[info] +  functions[api]: http function initialized (http://localhost:5001/fir-b194d/us-central1/api). {"metadata":{"emulator":{"name":"functions"},"message":"\u001b[1mhttp\u001b[22m function initialized (http://localhost:5001/fir-b194d/us-central1/api)."}}
[info] 
┌───────────────────────────────────────────────────────────────────────┐
│ ✔  All emulators ready! View status and logs at http://localhost:4000 │
└───────────────────────────────────────────────────────────────────────┘

┌───────────┬────────────────┬─────────────────────────────────┐
│ Emulator  │ Host:Port      │ View in Emulator UI             │
├───────────┼────────────────┼─────────────────────────────────┤
│ Functions │ localhost:5001 │ http://localhost:4000/functions │
├───────────┼────────────────┼─────────────────────────────────┤
│ Hosting   │ localhost:5000 │ n/a                             │
└───────────┴────────────────┴─────────────────────────────────┘
  Other reserved ports: 4400, 4500

Issues? Report them at https://github.com/firebase/firebase-tools/issues and attach the *-debug.log files.
 
[debug] [2020-11-18T11:18:30.060Z] [worker-~diagnostic~-8ca1e126-f13c-40b8-9416-ba1bb303cf17]: IDLE {"metadata":{"emulator":{"name":"functions"},"message":"[worker-~diagnostic~-8ca1e126-f13c-40b8-9416-ba1bb303cf17]: IDLE"}}
[debug] [2020-11-18T11:18:57.801Z] [work-queue] {"queueLength":1,"workRunningCount":0}
[debug] [2020-11-18T11:18:57.802Z] [work-queue] {"queueLength":0,"workRunningCount":1}
[debug] [2020-11-18T11:18:57.803Z] Accepted request POST /fir-b194d/us-central1/api/payments/create?total=2396 --> api
[debug] [2020-11-18T11:18:57.812Z] [worker-pool] addWorker(api) {"metadata":{"emulator":{"name":"functions"},"message":"[worker-pool] addWorker(api)"}}
[debug] [2020-11-18T11:18:57.813Z] [worker-pool] Adding worker with key api, total=1 {"metadata":{"emulator":{"name":"functions"},"message":"[worker-pool] Adding worker with key api, total=1"}}
[debug] [2020-11-18T11:18:57.813Z] [worker-pool] submitWork(triggerId=api) {"metadata":{"emulator":{"name":"functions"},"message":"[worker-pool] submitWork(triggerId=api)"}}
[debug] [2020-11-18T11:18:57.813Z] [worker-api-b01f814d-0f0b-404b-85a8-b957bef8fa3e]: Assigning socketPath: \\?\pipe\C:\Users\innoc\Desktop\react\React-js\website\functions\440 {"metadata":{"emulator":{"name":"functions"},"message":"[worker-api-b01f814d-0f0b-404b-85a8-b957bef8fa3e]: Assigning socketPath: \\\\?\\pipe\\C:\\Users\\innoc\\Desktop\\react\\React-js\\website\\functions\\440"}}
[debug] [2020-11-18T11:18:57.814Z] [worker-api-b01f814d-0f0b-404b-85a8-b957bef8fa3e]: BUSY {"metadata":{"emulator":{"name":"functions"},"message":"[worker-api-b01f814d-0f0b-404b-85a8-b957bef8fa3e]: BUSY"}}
[debug] [2020-11-18T11:18:59.240Z] [runtime-status] [440] Functions runtime initialized. {"cwd":"C:\\Users\\innoc\\Desktop\\react\\React-js\\website\\functions","node_version":"14.8.0"} {"metadata":{"emulator":{"name":"functions"},"function":{"name":"api"},"message":"[runtime-status] [440] Functions runtime initialized. {\"cwd\":\"C:\\\\Users\\\\innoc\\\\Desktop\\\\react\\\\React-js\\\\website\\\\functions\",\"node_version\":\"14.8.0\"}"}}
[debug] [2020-11-18T11:18:59.251Z] [runtime-status] [440] Disabled runtime features: undefined {"metadata":{"emulator":{"name":"functions"},"function":{"name":"api"},"message":"[runtime-status] [440] Disabled runtime features: undefined"}}
[debug] [2020-11-18T11:18:59.264Z] [runtime-status] [440] Resolved module firebase-admin {"declared":true,"installed":true,"version":"8.13.0","resolution":"C:\\Users\\innoc\\Desktop\\react\\React-js\\website\\functions\\node_modules\\firebase-admin\\lib\\index.js"} {"metadata":{"emulator":{"name":"functions"},"function":{"name":"api"},"message":"[runtime-status] [440] Resolved module firebase-admin {\"declared\":true,\"installed\":true,\"version\":\"8.13.0\",\"resolution\":\"C:\\\\Users\\\\innoc\\\\Desktop\\\\react\\\\React-js\\\\website\\\\functions\\\\node_modules\\\\firebase-admin\\\\lib\\\\index.js\"}"}}
[debug] [2020-11-18T11:18:59.268Z] [runtime-status] [440] Resolved module firebase-functions {"declared":true,"installed":true,"version":"3.11.0","resolution":"C:\\Users\\innoc\\Desktop\\react\\React-js\\website\\functions\\node_modules\\firebase-functions\\lib\\index.js"} {"metadata":{"emulator":{"name":"functions"},"function":{"name":"api"},"message":"[runtime-status] [440] Resolved module firebase-functions {\"declared\":true,\"installed\":true,\"version\":\"3.11.0\",\"resolution\":\"C:\\\\Users\\\\innoc\\\\Desktop\\\\react\\\\React-js\\\\website\\\\functions\\\\node_modules\\\\firebase-functions\\\\lib\\\\index.js\"}"}}
[debug] [2020-11-18T11:18:59.273Z] [runtime-status] [440] Resolved module firebase-functions {"declared":true,"installed":true,"version":"3.11.0","resolution":"C:\\Users\\innoc\\Desktop\\react\\React-js\\website\\functions\\node_modules\\firebase-functions\\lib\\index.js"} {"metadata":{"emulator":{"name":"functions"},"function":{"name":"api"},"message":"[runtime-status] [440] Resolved module firebase-functions {\"declared\":true,\"installed\":true,\"version\":\"3.11.0\",\"resolution\":\"C:\\\\Users\\\\innoc\\\\Desktop\\\\react\\\\React-js\\\\website\\\\functions\\\\node_modules\\\\firebase-functions\\\\lib\\\\index.js\"}"}}
[debug] [2020-11-18T11:18:59.278Z] [runtime-status] [440] Outgoing network have been stubbed. [{"name":"http","status":"mocked"},{"name":"http","status":"mocked"},{"name":"https","status":"mocked"},{"name":"https","status":"mocked"},{"name":"net","status":"mocked"}] {"metadata":{"emulator":{"name":"functions"},"function":{"name":"api"},"message":"[runtime-status] [440] Outgoing network have been stubbed. [{\"name\":\"http\",\"status\":\"mocked\"},{\"name\":\"http\",\"status\":\"mocked\"},{\"name\":\"https\",\"status\":\"mocked\"},{\"name\":\"https\",\"status\":\"mocked\"},{\"name\":\"net\",\"status\":\"mocked\"}]"}}
[debug] [2020-11-18T11:18:59.280Z] [runtime-status] [440] Resolved module firebase-functions {"declared":true,"installed":true,"version":"3.11.0","resolution":"C:\\Users\\innoc\\Desktop\\react\\React-js\\website\\functions\\node_modules\\firebase-functions\\lib\\index.js"} {"metadata":{"emulator":{"name":"functions"},"function":{"name":"api"},"message":"[runtime-status] [440] Resolved module firebase-functions {\"declared\":true,\"installed\":true,\"version\":\"3.11.0\",\"resolution\":\"C:\\\\Users\\\\innoc\\\\Desktop\\\\react\\\\React-js\\\\website\\\\functions\\\\node_modules\\\\firebase-functions\\\\lib\\\\index.js\"}"}}
[debug] [2020-11-18T11:18:59.366Z] [runtime-status] [440] Checked functions.config() {"config":{}} {"metadata":{"emulator":{"name":"functions"},"function":{"name":"api"},"message":"[runtime-status] [440] Checked functions.config() {\"config\":{}}"}}
[debug] [2020-11-18T11:18:59.366Z] [runtime-status] [440] firebase-functions has been stubbed. {"functionsResolution":{"declared":true,"installed":true,"version":"3.11.0","resolution":"C:\\Users\\innoc\\Desktop\\react\\React-js\\website\\functions\\node_modules\\firebase-functions\\lib\\index.js"}} {"metadata":{"emulator":{"name":"functions"},"function":{"name":"api"},"message":"[runtime-status] [440] firebase-functions has been stubbed. {\"functionsResolution\":{\"declared\":true,\"installed\":true,\"version\":\"3.11.0\",\"resolution\":\"C:\\\\Users\\\\innoc\\\\Desktop\\\\react\\\\React-js\\\\website\\\\functions\\\\node_modules\\\\firebase-functions\\\\lib\\\\index.js\"}}"}}
[debug] [2020-11-18T11:18:59.367Z] [runtime-status] [440] Resolved module firebase-functions {"declared":true,"installed":true,"version":"3.11.0","resolution":"C:\\Users\\innoc\\Desktop\\react\\React-js\\website\\functions\\node_modules\\firebase-functions\\lib\\index.js"} {"metadata":{"emulator":{"name":"functions"},"function":{"name":"api"},"message":"[runtime-status] [440] Resolved module firebase-functions {\"declared\":true,\"installed\":true,\"version\":\"3.11.0\",\"resolution\":\"C:\\\\Users\\\\innoc\\\\Desktop\\\\react\\\\React-js\\\\website\\\\functions\\\\node_modules\\\\firebase-functions\\\\lib\\\\index.js\"}"}}
[debug] [2020-11-18T11:18:59.369Z] [runtime-status] [440] Resolved module firebase-admin {"declared":true,"installed":true,"version":"8.13.0","resolution":"C:\\Users\\innoc\\Desktop\\react\\React-js\\website\\functions\\node_modules\\firebase-admin\\lib\\index.js"} {"metadata":{"emulator":{"name":"functions"},"function":{"name":"api"},"message":"[runtime-status] [440] Resolved module firebase-admin {\"declared\":true,\"installed\":true,\"version\":\"8.13.0\",\"resolution\":\"C:\\\\Users\\\\innoc\\\\Desktop\\\\react\\\\React-js\\\\website\\\\functions\\\\node_modules\\\\firebase-admin\\\\lib\\\\index.js\"}"}}
[debug] [2020-11-18T11:18:59.370Z] [runtime-status] [440] Resolved module firebase-functions {"declared":true,"installed":true,"version":"3.11.0","resolution":"C:\\Users\\innoc\\Desktop\\react\\React-js\\website\\functions\\node_modules\\firebase-functions\\lib\\index.js"} {"metadata":{"emulator":{"name":"functions"},"function":{"name":"api"},"message":"[runtime-status] [440] Resolved module firebase-functions {\"declared\":true,\"installed\":true,\"version\":\"3.11.0\",\"resolution\":\"C:\\\\Users\\\\innoc\\\\Desktop\\\\react\\\\React-js\\\\website\\\\functions\\\\node_modules\\\\firebase-functions\\\\lib\\\\index.js\"}"}}
[debug] [2020-11-18T11:18:59.371Z] [runtime-status] [440] firebase-admin has been stubbed. {"adminResolution":{"declared":true,"installed":true,"version":"8.13.0","resolution":"C:\\Users\\innoc\\Desktop\\react\\React-js\\website\\functions\\node_modules\\firebase-admin\\lib\\index.js"}} {"metadata":{"emulator":{"name":"functions"},"function":{"name":"api"},"message":"[runtime-status] [440] firebase-admin has been stubbed. {\"adminResolution\":{\"declared\":true,\"installed\":true,\"version\":\"8.13.0\",\"resolution\":\"C:\\\\Users\\\\innoc\\\\Desktop\\\\react\\\\React-js\\\\website\\\\functions\\\\node_modules\\\\firebase-admin\\\\lib\\\\index.js\"}}"}}
[debug] [2020-11-18T11:18:59.814Z] [runtime-status] [440] Trigger "api" has been found, beginning invocation! {"metadata":{"emulator":{"name":"functions"},"function":{"name":"api"},"message":"[runtime-status] [440] Trigger \"api\" has been found, beginning invocation!"}}
[info] i  functions: Beginning execution of "api" {"metadata":{"emulator":{"name":"functions"},"function":{"name":"api"},"message":"Beginning execution of \"api\""}}
[debug] [2020-11-18T11:18:59.819Z] [runtime-status] [440] triggerDefinition {"httpsTrigger":{},"name":"api","entryPoint":"api"} {"metadata":{"emulator":{"name":"functions"},"function":{"name":"api"},"message":"[runtime-status] [440] triggerDefinition {\"httpsTrigger\":{},\"name\":\"api\",\"entryPoint\":\"api\"}"}}
[debug] [2020-11-18T11:18:59.820Z] [runtime-status] [440] Running api in mode HTTPS {"metadata":{"emulator":{"name":"functions"},"function":{"name":"api"},"message":"[runtime-status] [440] Running api in mode HTTPS"}}
[debug] [2020-11-18T11:18:59.831Z] [runtime-status] [440] Attempting to listen to socketPath: \\?\pipe\C:\Users\innoc\Desktop\react\React-js\website\functions\440 {"metadata":{"emulator":{"name":"functions"},"function":{"name":"api"},"message":"[runtime-status] [440] Attempting to listen to socketPath: \\\\?\\pipe\\C:\\Users\\innoc\\Desktop\\react\\React-js\\website\\functions\\440"}}
[debug] [2020-11-18T11:18:59.839Z] [functions] Runtime ready! Sending request! {"metadata":{"emulator":{"name":"functions"},"message":"[functions] Runtime ready! Sending request!"}}
[debug] [2020-11-18T11:18:59.862Z] [runtime-status] [440] Ephemeral server handling POST request {"metadata":{"emulator":{"name":"functions"},"function":{"name":"api"},"message":"[runtime-status] [440] Ephemeral server handling POST request"}}
[debug] [2020-11-18T11:18:59.879Z] [runtime-status] [440] Ephemeral server survived. {"metadata":{"emulator":{"name":"functions"},"function":{"name":"api"},"message":"[runtime-status] [440] Ephemeral server survived."}}
[info] i  functions: Finished "api" in ~1s {"metadata":{"emulator":{"name":"functions"},"function":{"name":"api"},"message":"Finished \"api\" in ~1s"}}
[debug] [2020-11-18T11:18:59.885Z] [worker-api-b01f814d-0f0b-404b-85a8-b957bef8fa3e]: IDLE {"metadata":{"emulator":{"name":"functions"},"message":"[worker-api-b01f814d-0f0b-404b-85a8-b957bef8fa3e]: IDLE"}}
[debug] [2020-11-18T11:18:59.886Z] [work-queue] {"queueLength":0,"workRunningCount":0}
