[0903/031634.364:ERROR:process_reader_win.cc(123)] NtOpenThread: {Access Denied} A process has requested access to an object, but has not been granted those access rights. (0xc0000022)
[0903/031634.364:ERROR:process_reader_win.cc(123)] NtOpenThread: {Access Denied} A process has requested access to an object, but has not been granted those access rights. (0xc0000022)
[0903/031634.364:ERROR:process_reader_win.cc(123)] NtOpenThread: {Access Denied} A process has requested access to an object, but has not been granted those access rights. (0xc0000022)
[0903/031634.364:ERROR:process_reader_win.cc(123)] NtOpenThread: {Access Denied} A process has requested access to an object, but has not been granted those access rights. (0xc0000022)
[0903/031634.954:ERROR:exception_snapshot_win.cc(99)] thread ID 15492 not found in process
[0903/031634.954:ERROR:exception_snapshot_win.cc(99)] thread ID 19292 not found in process
[0903/031634.954:ERROR:exception_snapshot_win.cc(99)] thread ID 6276 not found in process
[0903/031634.364:ERROR:process_reader_win.cc(123)] NtOpenThread: {Access Denied} A process has requested access to an object, but has not been granted those access rights. (0xc0000022)
[0903/031634.364:ERROR:process_reader_win.cc(123)] NtOpenThread: {Access Denied} A process has requested access to an object, but has not been granted those access rights. (0xc0000022)
[0903/031634.955:ERROR:exception_snapshot_win.cc(99)] thread ID 15648 not found in process
[0903/031634.955:ERROR:exception_snapshot_win.cc(99)] thread ID 19936 not found in process
[0903/031634.955:ERROR:exception_snapshot_win.cc(99)] thread ID 12500 not found in process
[0929/025933.321:ERROR:process_reader_win.cc(123)] NtOpenThread: {Access Denied} A process has requested access to an object, but has not been granted those access rights. (0xc0000022)
[0929/025933.321:ERROR:process_reader_win.cc(123)] NtOpenThread: {Access Denied} A process has requested access to an object, but has not been granted those access rights. (0xc0000022)
[0929/025933.321:ERROR:process_reader_win.cc(123)] NtOpenThread: {Access Denied} A process has requested access to an object, but has not been granted those access rights. (0xc0000022)
[0929/025933.321:ERROR:process_reader_win.cc(123)] NtOpenThread: {Access Denied} A process has requested access to an object, but has not been granted those access rights. (0xc0000022)
[0929/025933.373:ERROR:exception_snapshot_win.cc(99)] thread ID 976 not found in process
[0929/025933.373:ERROR:exception_snapshot_win.cc(99)] thread ID 11668 not found in process
[0929/025933.373:ERROR:exception_snapshot_win.cc(99)] thread ID 16984 not found in process
[0929/025933.373:ERROR:exception_snapshot_win.cc(99)] thread ID 9892 not found in process
[0929/025933.321:ERROR:process_reader_win.cc(123)] NtOpenThread: {Access Denied} A process has requested access to an object, but has not been granted those access rights. (0xc0000022)
[0929/025933.321:ERROR:process_reader_win.cc(123)] NtOpenThread: {Access Denied} A process has requested access to an object, but has not been granted those access rights. (0xc0000022)
[0929/025933.453:ERROR:exception_snapshot_win.cc(99)] thread ID 19600 not found in process
[0929/025933.453:ERROR:exception_snapshot_win.cc(99)] thread ID 18340 not found in process
[1013/095802.021:ERROR:directory_reader_win.cc(43)] FindFirstFile: The system cannot find the path specified. (0x3)
[1017/154610.814:ERROR:directory_reader_win.cc(43)] FindFirstFile: The system cannot find the path specified. (0x3)
[1018/175011.548:ERROR:directory_reader_win.cc(43)] FindFirstFile: The system cannot find the path specified. (0x3)
[1019/033334.434:ERROR:process_reader_win.cc(123)] NtOpenThread: {Access Denied} A process has requested access to an object, but has not been granted those access rights. (0xc0000022)
[1019/033334.434:ERROR:exception_snapshot_win.cc(99)] thread ID 6340 not found in process
[1019/033334.450:ERROR:process_reader_win.cc(123)] NtOpenThread: {Access Denied} A process has requested access to an object, but has not been granted those access rights. (0xc0000022)
[1019/033334.450:ERROR:exception_snapshot_win.cc(99)] thread ID 8452 not found in process
[1022/144919.967:ERROR:directory_reader_win.cc(43)] FindFirstFile: The system cannot find the path specified. (0x3)
[1023/083419.605:ERROR:directory_reader_win.cc(43)] FindFirstFile: The system cannot find the path specified. (0x3)
[1024/162156.097:ERROR:directory_reader_win.cc(43)] FindFirstFile: The system cannot find the path specified. (0x3)
[1025/162636.849:ERROR:directory_reader_win.cc(43)] FindFirstFile: The system cannot find the path specified. (0x3)
[1026/074742.863:ERROR:directory_reader_win.cc(43)] FindFirstFile: The system cannot find the path specified. (0x3)
[1030/063413.605:ERROR:directory_reader_win.cc(43)] FindFirstFile: The system cannot find the path specified. (0x3)
[1030/162804.041:ERROR:directory_reader_win.cc(43)] FindFirstFile: The system cannot find the path specified. (0x3)
[1102/110400.218:ERROR:directory_reader_win.cc(43)] FindFirstFile: The system cannot find the path specified. (0x3)
[1103/034232.419:ERROR:process_reader_win.cc(123)] NtOpenThread: {Access Denied} A process has requested access to an object, but has not been granted those access rights. (0xc0000022)
[1103/034232.435:ERROR:exception_snapshot_win.cc(99)] thread ID 5692 not found in process
[1104/114121.368:ERROR:directory_reader_win.cc(43)] FindFirstFile: The system cannot find the path specified. (0x3)
[1105/032335.431:ERROR:process_reader_win.cc(151)] SuspendThread: Access is denied. (0x5)
[1105/032335.431:ERROR:process_reader_win.cc(151)] SuspendThread: Access is denied. (0x5)
[1105/032335.431:ERROR:process_reader_win.cc(151)] SuspendThread: Access is denied. (0x5)
[1105/032335.431:ERROR:process_reader_win.cc(151)] SuspendThread: Access is denied. (0x5)
[1105/032335.439:ERROR:process_reader_win.cc(151)] SuspendThread: Access is denied. (0x5)
[1105/032335.439:ERROR:process_reader_win.cc(151)] SuspendThread: Access is denied. (0x5)
[1105/032335.439:ERROR:process_reader_win.cc(151)] SuspendThread: Access is denied. (0x5)
[1105/032335.439:ERROR:process_reader_win.cc(123)] NtOpenThread: {Access Denied} A process has requested access to an object, but has not been granted those access rights. (0xc0000022)
[1105/032335.431:ERROR:process_reader_win.cc(123)] NtOpenThread: {Access Denied} A process has requested access to an object, but has not been granted those access rights. (0xc0000022)
[1105/032335.407:ERROR:process_reader_win.cc(123)] NtOpenThread: {Access Denied} A process has requested access to an object, but has not been granted those access rights. (0xc0000022)
[1105/032335.423:ERROR:process_reader_win.cc(123)] NtOpenThread: {Access Denied} A process has requested access to an object, but has not been granted those access rights. (0xc0000022)
[1105/032336.039:ERROR:exception_snapshot_win.cc(99)] thread ID 4884 not found in process
[1105/032336.039:ERROR:exception_snapshot_win.cc(99)] thread ID 7592 not found in process
[1105/032336.039:ERROR:exception_snapshot_win.cc(99)] thread ID 4216 not found in process
[1105/032336.039:ERROR:exception_snapshot_win.cc(99)] thread ID 15924 not found in process
[1105/115330.128:ERROR:directory_reader_win.cc(43)] FindFirstFile: The system cannot find the path specified. (0x3)
[1106/111159.189:ERROR:directory_reader_win.cc(43)] FindFirstFile: The system cannot find the path specified. (0x3)
[1107/031428.963:ERROR:process_reader_win.cc(123)] NtOpenThread: {Access Denied} A process has requested access to an object, but has not been granted those access rights. (0xc0000022)
[1107/031429.010:ERROR:process_reader_win.cc(123)] NtOpenThread: {Access Denied} A process has requested access to an object, but has not been granted those access rights. (0xc0000022)
[1107/031428.963:ERROR:process_reader_win.cc(123)] NtOpenThread: {Access Denied} A process has requested access to an object, but has not been granted those access rights. (0xc0000022)
[1107/031429.417:ERROR:exception_snapshot_win.cc(99)] thread ID 13700 not found in process
[1107/031429.417:ERROR:exception_snapshot_win.cc(99)] thread ID 7532 not found in process
[1107/031429.417:ERROR:exception_snapshot_win.cc(99)] thread ID 16940 not found in process
[1107/031428.932:ERROR:process_reader_win.cc(123)] NtOpenThread: {Access Denied} A process has requested access to an object, but has not been granted those access rights. (0xc0000022)
[1107/031428.917:ERROR:scoped_process_suspend.cc(31)] NtSuspendProcess: An attempt was made to access an exiting process. (0xc000010a)
[1107/031428.917:ERROR:scoped_process_suspend.cc(31)] NtSuspendProcess: An attempt was made to access an exiting process. (0xc000010a)
[1107/031429.010:ERROR:process_reader_win.cc(123)] NtOpenThread: {Access Denied} A process has requested access to an object, but has not been granted those access rights. (0xc0000022)
[1107/031428.979:ERROR:scoped_process_suspend.cc(31)] NtSuspendProcess: An attempt was made to access an exiting process. (0xc000010a)
[1107/031429.995:ERROR:exception_snapshot_win.cc(99)] thread ID 16928 not found in process
[1107/031429.995:ERROR:exception_snapshot_win.cc(99)] thread ID 8044 not found in process
[1107/031429.995:ERROR:scoped_process_suspend.cc(40)] NtResumeProcess: An attempt was made to access an exiting process. (0xc000010a)
[1107/031429.995:ERROR:process_info.cc(118)] ReadProcessMemory bool __cdecl crashpad::(anonymous namespace)::ReadStruct(HANDLE, crashpad::WinVMAddress, T *) [T = crashpad::process_types::PEB<crashpad::process_types::internal::Traits64>]: Only part of a ReadProcessMemory or WriteProcessMemory request was completed. (0x12B)
[1107/031430.245:ERROR:process_info.cc(551)] ReadProcessData failed
[1107/031429.995:ERROR:process_info.cc(118)] ReadProcessMemory bool __cdecl crashpad::(anonymous namespace)::ReadStruct(HANDLE, crashpad::WinVMAddress, T *) [T = crashpad::process_types::PEB<crashpad::process_types::internal::Traits64>]: Only part of a ReadProcessMemory or WriteProcessMemory request was completed. (0x12B)
[1107/031429.995:ERROR:process_info.cc(118)] ReadProcessMemory bool __cdecl crashpad::(anonymous namespace)::ReadStruct(HANDLE, crashpad::WinVMAddress, T *) [T = crashpad::process_types::PEB<crashpad::process_types::internal::Traits64>]: Only part of a ReadProcessMemory or WriteProcessMemory request was completed. (0x12B)
[1107/031430.245:ERROR:process_info.cc(551)] ReadProcessData failed
[1107/031430.245:ERROR:process_info.cc(551)] ReadProcessData failed
