[debug] [2020-11-23T04:53:43.802Z] ----------------------------------------------------------------------
[debug] [2020-11-23T04:53:43.825Z] Command:       C:\Program Files\nodejs\node.exe C:\Users\innoc\AppData\Roaming\npm\node_modules\firebase-tools\lib\bin\firebase.js emulators:start
[debug] [2020-11-23T04:53:43.826Z] CLI Version:   8.11.2
[debug] [2020-11-23T04:53:43.826Z] Platform:      win32
[debug] [2020-11-23T04:53:43.826Z] Node Version:  v14.8.0
[debug] [2020-11-23T04:53:43.869Z] Time:          Mon Nov 23 2020 09:53:43 GMT+0500 (Pakistan Standard Time)
[debug] [2020-11-23T04:53:43.870Z] ----------------------------------------------------------------------
[debug] [2020-11-23T04:53:43.870Z] 
[debug] [2020-11-23T04:53:43.962Z] > command requires scopes: ["email","openid","https://www.googleapis.com/auth/cloudplatformprojects.readonly","https://www.googleapis.com/auth/firebase","https://www.googleapis.com/auth/cloud-platform"]
[debug] [2020-11-23T04:53:43.963Z] > authorizing via signed-in user
[info] i  emulators: Starting emulators: functions, hosting {"metadata":{"emulator":{"name":"hub"},"message":"Starting emulators: functions, hosting"}}
[debug] [2020-11-23T04:53:46.134Z] [hub] writing locator at C:\Users\innoc\AppData\Local\Temp\hub-fir-b194d.json
[warn] !  functions: The following emulators are not running, calls to these services from the Functions emulator will affect production: auth, firestore, database, pubsub {"metadata":{"emulator":{"name":"functions"},"message":"The following emulators are not running, calls to these services from the Functions emulator will affect production: \u001b[1mauth, firestore, database, pubsub\u001b[22m"}}
[warn] !  Your requested "node" version "10" doesn't match your global version "14" {"metadata":{"emulator":{"name":"functions"},"message":"Your requested \"node\" version \"10\" doesn't match your global version \"14\""}}
[debug] [2020-11-23T04:53:48.427Z] defaultcredentials: writing to file C:\Users\innoc\AppData\Roaming\firebase\waleed_naseem1_gmail.com_application_default_credentials.json
[debug] [2020-11-23T04:53:48.434Z] Setting GAC to C:\Users\innoc\AppData\Roaming\firebase\waleed_naseem1_gmail.com_application_default_credentials.json {"metadata":{"emulator":{"name":"functions"},"message":"Setting GAC to C:\\Users\\innoc\\AppData\\Roaming\\firebase\\waleed_naseem1_gmail.com_application_default_credentials.json"}}
[debug] [2020-11-23T04:53:50.492Z] > refreshing access token with scopes: ["email","https://www.googleapis.com/auth/cloud-platform","https://www.googleapis.com/auth/cloudplatformprojects.readonly","https://www.googleapis.com/auth/firebase","openid"]
[debug] [2020-11-23T04:53:50.493Z] >>> HTTP REQUEST POST https://www.googleapis.com/oauth2/v3/token  
 <request body omitted>
[debug] [2020-11-23T04:53:50.839Z] <<< HTTP RESPONSE 200 {"expires":"Mon, 01 Jan 1990 00:00:00 GMT","cache-control":"no-cache, no-store, max-age=0, must-revalidate","date":"Mon, 23 Nov 2020 04:53:52 GMT","pragma":"no-cache","content-type":"application/json; charset=utf-8","vary":"X-Origin, Referer, Origin,Accept-Encoding","server":"scaffolding on HTTPServer2","x-xss-protection":"0","x-frame-options":"SAMEORIGIN","x-content-type-options":"nosniff","alt-svc":"h3-29=\":443\"; ma=2592000,h3-T051=\":443\"; ma=2592000,h3-Q050=\":443\"; ma=2592000,h3-Q046=\":443\"; ma=2592000,h3-Q043=\":443\"; ma=2592000,quic=\":443\"; ma=2592000; v=\"46,43\"","accept-ranges":"none","transfer-encoding":"chunked"}
[debug] [2020-11-23T04:53:50.898Z] >>> HTTP REQUEST GET https://firebase.googleapis.com/v1beta1/projects/fir-b194d/webApps/-/config  
 
[debug] [2020-11-23T04:53:52.137Z] <<< HTTP RESPONSE 200 {"content-type":"application/json; charset=UTF-8","vary":"X-Origin, Referer, Origin,Accept-Encoding","date":"Mon, 23 Nov 2020 04:53:53 GMT","server":"ESF","cache-control":"private","x-xss-protection":"0","x-frame-options":"SAMEORIGIN","x-content-type-options":"nosniff","alt-svc":"h3-29=\":443\"; ma=2592000,h3-T051=\":443\"; ma=2592000,h3-Q050=\":443\"; ma=2592000,h3-Q046=\":443\"; ma=2592000,h3-Q043=\":443\"; ma=2592000,quic=\":443\"; ma=2592000; v=\"46,43\"","accept-ranges":"none","transfer-encoding":"chunked"}
[info] i  hosting: Serving hosting files from: build {"metadata":{"emulator":{"name":"hosting"},"message":"Serving hosting files from: \u001b[1mbuild\u001b[22m"}}
[info] +  hosting: Local server: http://localhost:5000 {"metadata":{"emulator":{"name":"hosting"},"message":"Local server: \u001b[4m\u001b[1mhttp://localhost:5000\u001b[22m\u001b[24m"}}
[debug] [2020-11-23T04:53:56.460Z] Ignoring unsupported arg: auto_download {"metadata":{"emulator":{"name":"ui"},"message":"Ignoring unsupported arg: auto_download"}}
[debug] [2020-11-23T04:53:56.461Z] Ignoring unsupported arg: port {"metadata":{"emulator":{"name":"ui"},"message":"Ignoring unsupported arg: port"}}
[debug] [2020-11-23T04:53:56.461Z] Starting Emulator UI with command {"binary":"node","args":["C:\\Users\\innoc\\.cache\\firebase\\emulators\\ui-v1.1.1\\server.bundle.js"],"optionalArgs":[],"joinArgs":false} {"metadata":{"emulator":{"name":"ui"},"message":"Starting Emulator UI with command {\"binary\":\"node\",\"args\":[\"C:\\\\Users\\\\innoc\\\\.cache\\\\firebase\\\\emulators\\\\ui-v1.1.1\\\\server.bundle.js\"],\"optionalArgs\":[],\"joinArgs\":false}"}}
[info] i  ui: Emulator UI logging to ui-debug.log {"metadata":{"emulator":{"name":"ui"},"message":"Emulator UI logging to \u001b[1mui-debug.log\u001b[22m"}}
[debug] [2020-11-23T04:53:56.883Z] Web / API server started at http://localhost:4000
 {"metadata":{"emulator":{"name":"ui"},"message":"Web / API server started at http://localhost:4000\n"}}
[info] i  functions: Watching "C:\Users\innoc\Desktop\react\React-js\website\functions" for Cloud Functions... {"metadata":{"emulator":{"name":"functions"},"message":"Watching \"C:\\Users\\innoc\\Desktop\\react\\React-js\\website\\functions\" for Cloud Functions..."}}
[debug] [2020-11-23T04:53:57.058Z] [worker-pool] addWorker(~diagnostic~) {"metadata":{"emulator":{"name":"functions"},"message":"[worker-pool] addWorker(~diagnostic~)"}}
[debug] [2020-11-23T04:53:57.059Z] [worker-pool] Adding worker with key ~diagnostic~, total=1 {"metadata":{"emulator":{"name":"functions"},"message":"[worker-pool] Adding worker with key ~diagnostic~, total=1"}}
[debug] [2020-11-23T04:53:57.059Z] [worker-pool] submitWork(triggerId=) {"metadata":{"emulator":{"name":"functions"},"message":"[worker-pool] submitWork(triggerId=)"}}
[debug] [2020-11-23T04:53:57.061Z] [worker-~diagnostic~-c5c01c4c-64d6-4d92-8631-e10ed54be646]: Assigning socketPath: \\?\pipe\C:\Users\innoc\Desktop\react\React-js\website\functions\14744 {"metadata":{"emulator":{"name":"functions"},"message":"[worker-~diagnostic~-c5c01c4c-64d6-4d92-8631-e10ed54be646]: Assigning socketPath: \\\\?\\pipe\\C:\\Users\\innoc\\Desktop\\react\\React-js\\website\\functions\\14744"}}
[debug] [2020-11-23T04:53:57.062Z] [worker-~diagnostic~-c5c01c4c-64d6-4d92-8631-e10ed54be646]: BUSY {"metadata":{"emulator":{"name":"functions"},"message":"[worker-~diagnostic~-c5c01c4c-64d6-4d92-8631-e10ed54be646]: BUSY"}}
[debug] [2020-11-23T04:53:58.067Z] [runtime-status] [14744] Functions runtime initialized. {"cwd":"C:\\Users\\innoc\\Desktop\\react\\React-js\\website\\functions","node_version":"14.8.0"} {"metadata":{"emulator":{"name":"functions"},"message":"[runtime-status] [14744] Functions runtime initialized. {\"cwd\":\"C:\\\\Users\\\\innoc\\\\Desktop\\\\react\\\\React-js\\\\website\\\\functions\",\"node_version\":\"14.8.0\"}"}}
[debug] [2020-11-23T04:53:58.078Z] [runtime-status] [14744] Disabled runtime features: undefined {"metadata":{"emulator":{"name":"functions"},"message":"[runtime-status] [14744] Disabled runtime features: undefined"}}
[debug] [2020-11-23T04:53:58.122Z] [runtime-status] [14744] Resolved module firebase-admin {"declared":true,"installed":true,"version":"8.13.0","resolution":"C:\\Users\\innoc\\Desktop\\react\\React-js\\website\\functions\\node_modules\\firebase-admin\\lib\\index.js"} {"metadata":{"emulator":{"name":"functions"},"message":"[runtime-status] [14744] Resolved module firebase-admin {\"declared\":true,\"installed\":true,\"version\":\"8.13.0\",\"resolution\":\"C:\\\\Users\\\\innoc\\\\Desktop\\\\react\\\\React-js\\\\website\\\\functions\\\\node_modules\\\\firebase-admin\\\\lib\\\\index.js\"}"}}
[debug] [2020-11-23T04:53:58.144Z] [runtime-status] [14744] Resolved module firebase-functions {"declared":true,"installed":true,"version":"3.11.0","resolution":"C:\\Users\\innoc\\Desktop\\react\\React-js\\website\\functions\\node_modules\\firebase-functions\\lib\\index.js"} {"metadata":{"emulator":{"name":"functions"},"message":"[runtime-status] [14744] Resolved module firebase-functions {\"declared\":true,\"installed\":true,\"version\":\"3.11.0\",\"resolution\":\"C:\\\\Users\\\\innoc\\\\Desktop\\\\react\\\\React-js\\\\website\\\\functions\\\\node_modules\\\\firebase-functions\\\\lib\\\\index.js\"}"}}
[debug] [2020-11-23T04:53:58.147Z] [runtime-status] [14744] Resolved module firebase-functions {"declared":true,"installed":true,"version":"3.11.0","resolution":"C:\\Users\\innoc\\Desktop\\react\\React-js\\website\\functions\\node_modules\\firebase-functions\\lib\\index.js"} {"metadata":{"emulator":{"name":"functions"},"message":"[runtime-status] [14744] Resolved module firebase-functions {\"declared\":true,\"installed\":true,\"version\":\"3.11.0\",\"resolution\":\"C:\\\\Users\\\\innoc\\\\Desktop\\\\react\\\\React-js\\\\website\\\\functions\\\\node_modules\\\\firebase-functions\\\\lib\\\\index.js\"}"}}
[debug] [2020-11-23T04:53:58.151Z] [runtime-status] [14744] Outgoing network have been stubbed. [{"name":"http","status":"mocked"},{"name":"http","status":"mocked"},{"name":"https","status":"mocked"},{"name":"https","status":"mocked"},{"name":"net","status":"mocked"}] {"metadata":{"emulator":{"name":"functions"},"message":"[runtime-status] [14744] Outgoing network have been stubbed. [{\"name\":\"http\",\"status\":\"mocked\"},{\"name\":\"http\",\"status\":\"mocked\"},{\"name\":\"https\",\"status\":\"mocked\"},{\"name\":\"https\",\"status\":\"mocked\"},{\"name\":\"net\",\"status\":\"mocked\"}]"}}
[debug] [2020-11-23T04:53:58.153Z] [runtime-status] [14744] Resolved module firebase-functions {"declared":true,"installed":true,"version":"3.11.0","resolution":"C:\\Users\\innoc\\Desktop\\react\\React-js\\website\\functions\\node_modules\\firebase-functions\\lib\\index.js"} {"metadata":{"emulator":{"name":"functions"},"message":"[runtime-status] [14744] Resolved module firebase-functions {\"declared\":true,\"installed\":true,\"version\":\"3.11.0\",\"resolution\":\"C:\\\\Users\\\\innoc\\\\Desktop\\\\react\\\\React-js\\\\website\\\\functions\\\\node_modules\\\\firebase-functions\\\\lib\\\\index.js\"}"}}
[debug] [2020-11-23T04:53:58.569Z] [runtime-status] [14744] Checked functions.config() {"config":{}} {"metadata":{"emulator":{"name":"functions"},"message":"[runtime-status] [14744] Checked functions.config() {\"config\":{}}"}}
[debug] [2020-11-23T04:53:58.569Z] [runtime-status] [14744] firebase-functions has been stubbed. {"functionsResolution":{"declared":true,"installed":true,"version":"3.11.0","resolution":"C:\\Users\\innoc\\Desktop\\react\\React-js\\website\\functions\\node_modules\\firebase-functions\\lib\\index.js"}} {"metadata":{"emulator":{"name":"functions"},"message":"[runtime-status] [14744] firebase-functions has been stubbed. {\"functionsResolution\":{\"declared\":true,\"installed\":true,\"version\":\"3.11.0\",\"resolution\":\"C:\\\\Users\\\\innoc\\\\Desktop\\\\react\\\\React-js\\\\website\\\\functions\\\\node_modules\\\\firebase-functions\\\\lib\\\\index.js\"}}"}}
[debug] [2020-11-23T04:53:58.571Z] [runtime-status] [14744] Resolved module firebase-functions {"declared":true,"installed":true,"version":"3.11.0","resolution":"C:\\Users\\innoc\\Desktop\\react\\React-js\\website\\functions\\node_modules\\firebase-functions\\lib\\index.js"} {"metadata":{"emulator":{"name":"functions"},"message":"[runtime-status] [14744] Resolved module firebase-functions {\"declared\":true,\"installed\":true,\"version\":\"3.11.0\",\"resolution\":\"C:\\\\Users\\\\innoc\\\\Desktop\\\\react\\\\React-js\\\\website\\\\functions\\\\node_modules\\\\firebase-functions\\\\lib\\\\index.js\"}"}}
[debug] [2020-11-23T04:53:58.574Z] [runtime-status] [14744] Resolved module firebase-admin {"declared":true,"installed":true,"version":"8.13.0","resolution":"C:\\Users\\innoc\\Desktop\\react\\React-js\\website\\functions\\node_modules\\firebase-admin\\lib\\index.js"} {"metadata":{"emulator":{"name":"functions"},"message":"[runtime-status] [14744] Resolved module firebase-admin {\"declared\":true,\"installed\":true,\"version\":\"8.13.0\",\"resolution\":\"C:\\\\Users\\\\innoc\\\\Desktop\\\\react\\\\React-js\\\\website\\\\functions\\\\node_modules\\\\firebase-admin\\\\lib\\\\index.js\"}"}}
[debug] [2020-11-23T04:53:58.575Z] [runtime-status] [14744] Resolved module firebase-functions {"declared":true,"installed":true,"version":"3.11.0","resolution":"C:\\Users\\innoc\\Desktop\\react\\React-js\\website\\functions\\node_modules\\firebase-functions\\lib\\index.js"} {"metadata":{"emulator":{"name":"functions"},"message":"[runtime-status] [14744] Resolved module firebase-functions {\"declared\":true,\"installed\":true,\"version\":\"3.11.0\",\"resolution\":\"C:\\\\Users\\\\innoc\\\\Desktop\\\\react\\\\React-js\\\\website\\\\functions\\\\node_modules\\\\firebase-functions\\\\lib\\\\index.js\"}"}}
[debug] [2020-11-23T04:53:58.576Z] [runtime-status] [14744] firebase-admin has been stubbed. {"adminResolution":{"declared":true,"installed":true,"version":"8.13.0","resolution":"C:\\Users\\innoc\\Desktop\\react\\React-js\\website\\functions\\node_modules\\firebase-admin\\lib\\index.js"}} {"metadata":{"emulator":{"name":"functions"},"message":"[runtime-status] [14744] firebase-admin has been stubbed. {\"adminResolution\":{\"declared\":true,\"installed\":true,\"version\":\"8.13.0\",\"resolution\":\"C:\\\\Users\\\\innoc\\\\Desktop\\\\react\\\\React-js\\\\website\\\\functions\\\\node_modules\\\\firebase-admin\\\\lib\\\\index.js\"}}"}}
[info] +  functions[api]: http function initialized (http://localhost:5001/fir-b194d/us-central1/api). {"metadata":{"emulator":{"name":"functions"},"message":"\u001b[1mhttp\u001b[22m function initialized (http://localhost:5001/fir-b194d/us-central1/api)."}}
[info] 
┌───────────────────────────────────────────────────────────────────────┐
│ ✔  All emulators ready! View status and logs at http://localhost:4000 │
└───────────────────────────────────────────────────────────────────────┘

┌───────────┬────────────────┬─────────────────────────────────┐
│ Emulator  │ Host:Port      │ View in Emulator UI             │
├───────────┼────────────────┼─────────────────────────────────┤
│ Functions │ localhost:5001 │ http://localhost:4000/functions │
├───────────┼────────────────┼─────────────────────────────────┤
│ Hosting   │ localhost:5000 │ n/a                             │
└───────────┴────────────────┴─────────────────────────────────┘
  Other reserved ports: 4400, 4500

Issues? Report them at https://github.com/firebase/firebase-tools/issues and attach the *-debug.log files.
 
[debug] [2020-11-23T04:54:00.332Z] [worker-~diagnostic~-c5c01c4c-64d6-4d92-8631-e10ed54be646]: IDLE {"metadata":{"emulator":{"name":"functions"},"message":"[worker-~diagnostic~-c5c01c4c-64d6-4d92-8631-e10ed54be646]: IDLE"}}
[debug] [2020-11-23T04:54:08.910Z] [work-queue] {"queueLength":1,"workRunningCount":0}
[debug] [2020-11-23T04:54:08.911Z] [work-queue] {"queueLength":0,"workRunningCount":1}
[debug] [2020-11-23T04:54:08.912Z] Accepted request POST /fir-b194d/us-central1/api/payments/create?total=4792 --> api
[debug] [2020-11-23T04:54:08.924Z] [worker-pool] addWorker(api) {"metadata":{"emulator":{"name":"functions"},"message":"[worker-pool] addWorker(api)"}}
[debug] [2020-11-23T04:54:08.925Z] [worker-pool] Adding worker with key api, total=1 {"metadata":{"emulator":{"name":"functions"},"message":"[worker-pool] Adding worker with key api, total=1"}}
[debug] [2020-11-23T04:54:08.925Z] [worker-pool] submitWork(triggerId=api) {"metadata":{"emulator":{"name":"functions"},"message":"[worker-pool] submitWork(triggerId=api)"}}
[debug] [2020-11-23T04:54:08.926Z] [worker-api-dc3a9765-504e-4e3c-9459-c587d376fcbf]: Assigning socketPath: \\?\pipe\C:\Users\innoc\Desktop\react\React-js\website\functions\7100 {"metadata":{"emulator":{"name":"functions"},"message":"[worker-api-dc3a9765-504e-4e3c-9459-c587d376fcbf]: Assigning socketPath: \\\\?\\pipe\\C:\\Users\\innoc\\Desktop\\react\\React-js\\website\\functions\\7100"}}
[debug] [2020-11-23T04:54:08.926Z] [worker-api-dc3a9765-504e-4e3c-9459-c587d376fcbf]: BUSY {"metadata":{"emulator":{"name":"functions"},"message":"[worker-api-dc3a9765-504e-4e3c-9459-c587d376fcbf]: BUSY"}}
[debug] [2020-11-23T04:54:10.134Z] [runtime-status] [7100] Functions runtime initialized. {"cwd":"C:\\Users\\innoc\\Desktop\\react\\React-js\\website\\functions","node_version":"14.8.0"} {"metadata":{"emulator":{"name":"functions"},"function":{"name":"api"},"message":"[runtime-status] [7100] Functions runtime initialized. {\"cwd\":\"C:\\\\Users\\\\innoc\\\\Desktop\\\\react\\\\React-js\\\\website\\\\functions\",\"node_version\":\"14.8.0\"}"}}
[debug] [2020-11-23T04:54:10.151Z] [runtime-status] [7100] Disabled runtime features: undefined {"metadata":{"emulator":{"name":"functions"},"function":{"name":"api"},"message":"[runtime-status] [7100] Disabled runtime features: undefined"}}
[debug] [2020-11-23T04:54:10.169Z] [runtime-status] [7100] Resolved module firebase-admin {"declared":true,"installed":true,"version":"8.13.0","resolution":"C:\\Users\\innoc\\Desktop\\react\\React-js\\website\\functions\\node_modules\\firebase-admin\\lib\\index.js"} {"metadata":{"emulator":{"name":"functions"},"function":{"name":"api"},"message":"[runtime-status] [7100] Resolved module firebase-admin {\"declared\":true,\"installed\":true,\"version\":\"8.13.0\",\"resolution\":\"C:\\\\Users\\\\innoc\\\\Desktop\\\\react\\\\React-js\\\\website\\\\functions\\\\node_modules\\\\firebase-admin\\\\lib\\\\index.js\"}"}}
[debug] [2020-11-23T04:54:10.174Z] [runtime-status] [7100] Resolved module firebase-functions {"declared":true,"installed":true,"version":"3.11.0","resolution":"C:\\Users\\innoc\\Desktop\\react\\React-js\\website\\functions\\node_modules\\firebase-functions\\lib\\index.js"} {"metadata":{"emulator":{"name":"functions"},"function":{"name":"api"},"message":"[runtime-status] [7100] Resolved module firebase-functions {\"declared\":true,\"installed\":true,\"version\":\"3.11.0\",\"resolution\":\"C:\\\\Users\\\\innoc\\\\Desktop\\\\react\\\\React-js\\\\website\\\\functions\\\\node_modules\\\\firebase-functions\\\\lib\\\\index.js\"}"}}
[debug] [2020-11-23T04:54:10.178Z] [runtime-status] [7100] Resolved module firebase-functions {"declared":true,"installed":true,"version":"3.11.0","resolution":"C:\\Users\\innoc\\Desktop\\react\\React-js\\website\\functions\\node_modules\\firebase-functions\\lib\\index.js"} {"metadata":{"emulator":{"name":"functions"},"function":{"name":"api"},"message":"[runtime-status] [7100] Resolved module firebase-functions {\"declared\":true,\"installed\":true,\"version\":\"3.11.0\",\"resolution\":\"C:\\\\Users\\\\innoc\\\\Desktop\\\\react\\\\React-js\\\\website\\\\functions\\\\node_modules\\\\firebase-functions\\\\lib\\\\index.js\"}"}}
[debug] [2020-11-23T04:54:10.182Z] [runtime-status] [7100] Outgoing network have been stubbed. [{"name":"http","status":"mocked"},{"name":"http","status":"mocked"},{"name":"https","status":"mocked"},{"name":"https","status":"mocked"},{"name":"net","status":"mocked"}] {"metadata":{"emulator":{"name":"functions"},"function":{"name":"api"},"message":"[runtime-status] [7100] Outgoing network have been stubbed. [{\"name\":\"http\",\"status\":\"mocked\"},{\"name\":\"http\",\"status\":\"mocked\"},{\"name\":\"https\",\"status\":\"mocked\"},{\"name\":\"https\",\"status\":\"mocked\"},{\"name\":\"net\",\"status\":\"mocked\"}]"}}
[debug] [2020-11-23T04:54:10.184Z] [runtime-status] [7100] Resolved module firebase-functions {"declared":true,"installed":true,"version":"3.11.0","resolution":"C:\\Users\\innoc\\Desktop\\react\\React-js\\website\\functions\\node_modules\\firebase-functions\\lib\\index.js"} {"metadata":{"emulator":{"name":"functions"},"function":{"name":"api"},"message":"[runtime-status] [7100] Resolved module firebase-functions {\"declared\":true,\"installed\":true,\"version\":\"3.11.0\",\"resolution\":\"C:\\\\Users\\\\innoc\\\\Desktop\\\\react\\\\React-js\\\\website\\\\functions\\\\node_modules\\\\firebase-functions\\\\lib\\\\index.js\"}"}}
[debug] [2020-11-23T04:54:10.296Z] [runtime-status] [7100] Checked functions.config() {"config":{}} {"metadata":{"emulator":{"name":"functions"},"function":{"name":"api"},"message":"[runtime-status] [7100] Checked functions.config() {\"config\":{}}"}}
[debug] [2020-11-23T04:54:10.297Z] [runtime-status] [7100] firebase-functions has been stubbed. {"functionsResolution":{"declared":true,"installed":true,"version":"3.11.0","resolution":"C:\\Users\\innoc\\Desktop\\react\\React-js\\website\\functions\\node_modules\\firebase-functions\\lib\\index.js"}} {"metadata":{"emulator":{"name":"functions"},"function":{"name":"api"},"message":"[runtime-status] [7100] firebase-functions has been stubbed. {\"functionsResolution\":{\"declared\":true,\"installed\":true,\"version\":\"3.11.0\",\"resolution\":\"C:\\\\Users\\\\innoc\\\\Desktop\\\\react\\\\React-js\\\\website\\\\functions\\\\node_modules\\\\firebase-functions\\\\lib\\\\index.js\"}}"}}
[debug] [2020-11-23T04:54:10.298Z] [runtime-status] [7100] Resolved module firebase-functions {"declared":true,"installed":true,"version":"3.11.0","resolution":"C:\\Users\\innoc\\Desktop\\react\\React-js\\website\\functions\\node_modules\\firebase-functions\\lib\\index.js"} {"metadata":{"emulator":{"name":"functions"},"function":{"name":"api"},"message":"[runtime-status] [7100] Resolved module firebase-functions {\"declared\":true,\"installed\":true,\"version\":\"3.11.0\",\"resolution\":\"C:\\\\Users\\\\innoc\\\\Desktop\\\\react\\\\React-js\\\\website\\\\functions\\\\node_modules\\\\firebase-functions\\\\lib\\\\index.js\"}"}}
[debug] [2020-11-23T04:54:10.301Z] [runtime-status] [7100] Resolved module firebase-admin {"declared":true,"installed":true,"version":"8.13.0","resolution":"C:\\Users\\innoc\\Desktop\\react\\React-js\\website\\functions\\node_modules\\firebase-admin\\lib\\index.js"} {"metadata":{"emulator":{"name":"functions"},"function":{"name":"api"},"message":"[runtime-status] [7100] Resolved module firebase-admin {\"declared\":true,\"installed\":true,\"version\":\"8.13.0\",\"resolution\":\"C:\\\\Users\\\\innoc\\\\Desktop\\\\react\\\\React-js\\\\website\\\\functions\\\\node_modules\\\\firebase-admin\\\\lib\\\\index.js\"}"}}
[debug] [2020-11-23T04:54:10.305Z] [runtime-status] [7100] Resolved module firebase-functions {"declared":true,"installed":true,"version":"3.11.0","resolution":"C:\\Users\\innoc\\Desktop\\react\\React-js\\website\\functions\\node_modules\\firebase-functions\\lib\\index.js"} {"metadata":{"emulator":{"name":"functions"},"function":{"name":"api"},"message":"[runtime-status] [7100] Resolved module firebase-functions {\"declared\":true,\"installed\":true,\"version\":\"3.11.0\",\"resolution\":\"C:\\\\Users\\\\innoc\\\\Desktop\\\\react\\\\React-js\\\\website\\\\functions\\\\node_modules\\\\firebase-functions\\\\lib\\\\index.js\"}"}}
[debug] [2020-11-23T04:54:10.306Z] [runtime-status] [7100] firebase-admin has been stubbed. {"adminResolution":{"declared":true,"installed":true,"version":"8.13.0","resolution":"C:\\Users\\innoc\\Desktop\\react\\React-js\\website\\functions\\node_modules\\firebase-admin\\lib\\index.js"}} {"metadata":{"emulator":{"name":"functions"},"function":{"name":"api"},"message":"[runtime-status] [7100] firebase-admin has been stubbed. {\"adminResolution\":{\"declared\":true,\"installed\":true,\"version\":\"8.13.0\",\"resolution\":\"C:\\\\Users\\\\innoc\\\\Desktop\\\\react\\\\React-js\\\\website\\\\functions\\\\node_modules\\\\firebase-admin\\\\lib\\\\index.js\"}}"}}
[debug] [2020-11-23T04:54:10.759Z] [runtime-status] [7100] Trigger "api" has been found, beginning invocation! {"metadata":{"emulator":{"name":"functions"},"function":{"name":"api"},"message":"[runtime-status] [7100] Trigger \"api\" has been found, beginning invocation!"}}
[info] i  functions: Beginning execution of "api" {"metadata":{"emulator":{"name":"functions"},"function":{"name":"api"},"message":"Beginning execution of \"api\""}}
[debug] [2020-11-23T04:54:10.762Z] [runtime-status] [7100] triggerDefinition {"httpsTrigger":{},"name":"api","entryPoint":"api"} {"metadata":{"emulator":{"name":"functions"},"function":{"name":"api"},"message":"[runtime-status] [7100] triggerDefinition {\"httpsTrigger\":{},\"name\":\"api\",\"entryPoint\":\"api\"}"}}
[debug] [2020-11-23T04:54:10.763Z] [runtime-status] [7100] Running api in mode HTTPS {"metadata":{"emulator":{"name":"functions"},"function":{"name":"api"},"message":"[runtime-status] [7100] Running api in mode HTTPS"}}
[debug] [2020-11-23T04:54:10.777Z] [runtime-status] [7100] Attempting to listen to socketPath: \\?\pipe\C:\Users\innoc\Desktop\react\React-js\website\functions\7100 {"metadata":{"emulator":{"name":"functions"},"function":{"name":"api"},"message":"[runtime-status] [7100] Attempting to listen to socketPath: \\\\?\\pipe\\C:\\Users\\innoc\\Desktop\\react\\React-js\\website\\functions\\7100"}}
[debug] [2020-11-23T04:54:10.788Z] [functions] Runtime ready! Sending request! {"metadata":{"emulator":{"name":"functions"},"message":"[functions] Runtime ready! Sending request!"}}
[debug] [2020-11-23T04:54:10.833Z] [runtime-status] [7100] Ephemeral server handling POST request {"metadata":{"emulator":{"name":"functions"},"function":{"name":"api"},"message":"[runtime-status] [7100] Ephemeral server handling POST request"}}
[info] >  Booom payment recieved succesfully 4792 {"user":"Booom payment recieved succesfully 4792","metadata":{"emulator":{"name":"functions"},"function":{"name":"api"},"message":"\u001b[90m> \u001b[39m Booom payment recieved succesfully 4792"}}
[debug] [2020-11-23T04:54:10.858Z] [runtime-status] [7100] Ephemeral server survived. {"metadata":{"emulator":{"name":"functions"},"function":{"name":"api"},"message":"[runtime-status] [7100] Ephemeral server survived."}}
[info] i  functions: Finished "api" in ~1s {"metadata":{"emulator":{"name":"functions"},"function":{"name":"api"},"message":"Finished \"api\" in ~1s"}}
[debug] [2020-11-23T04:54:12.074Z] [worker-api-dc3a9765-504e-4e3c-9459-c587d376fcbf]: IDLE {"metadata":{"emulator":{"name":"functions"},"message":"[worker-api-dc3a9765-504e-4e3c-9459-c587d376fcbf]: IDLE"}}
[debug] [2020-11-23T04:54:12.075Z] [work-queue] {"queueLength":0,"workRunningCount":0}
[debug] [2020-11-23T04:54:25.191Z] [work-queue] {"queueLength":1,"workRunningCount":0}
[debug] [2020-11-23T04:54:25.192Z] [work-queue] {"queueLength":0,"workRunningCount":1}
[debug] [2020-11-23T04:54:25.192Z] Accepted request POST /fir-b194d/us-central1/api/payments/create?total=0 --> api
[debug] [2020-11-23T04:54:25.192Z] [worker-pool] submitWork(triggerId=api) {"metadata":{"emulator":{"name":"functions"},"message":"[worker-pool] submitWork(triggerId=api)"}}
[debug] [2020-11-23T04:54:25.193Z] [worker-api-dc3a9765-504e-4e3c-9459-c587d376fcbf]: Assigning socketPath: \\?\pipe\C:\Users\innoc\Desktop\react\React-js\website\functions\7100 {"metadata":{"emulator":{"name":"functions"},"message":"[worker-api-dc3a9765-504e-4e3c-9459-c587d376fcbf]: Assigning socketPath: \\\\?\\pipe\\C:\\Users\\innoc\\Desktop\\react\\React-js\\website\\functions\\7100"}}
[debug] [2020-11-23T04:54:25.193Z] [worker-api-dc3a9765-504e-4e3c-9459-c587d376fcbf]: BUSY {"metadata":{"emulator":{"name":"functions"},"message":"[worker-api-dc3a9765-504e-4e3c-9459-c587d376fcbf]: BUSY"}}
[debug] [2020-11-23T04:54:25.194Z] [runtime-status] [7100] Trigger "api" has been found, beginning invocation! {"metadata":{"emulator":{"name":"functions"},"function":{"name":"api"},"message":"[runtime-status] [7100] Trigger \"api\" has been found, beginning invocation!"}}
[info] i  functions: Beginning execution of "api" {"metadata":{"emulator":{"name":"functions"},"function":{"name":"api"},"message":"Beginning execution of \"api\""}}
[debug] [2020-11-23T04:54:25.198Z] [runtime-status] [7100] triggerDefinition {"httpsTrigger":{},"name":"api","entryPoint":"api"} {"metadata":{"emulator":{"name":"functions"},"function":{"name":"api"},"message":"[runtime-status] [7100] triggerDefinition {\"httpsTrigger\":{},\"name\":\"api\",\"entryPoint\":\"api\"}"}}
[debug] [2020-11-23T04:54:25.198Z] [runtime-status] [7100] Running api in mode HTTPS {"metadata":{"emulator":{"name":"functions"},"function":{"name":"api"},"message":"[runtime-status] [7100] Running api in mode HTTPS"}}
[debug] [2020-11-23T04:54:25.199Z] [runtime-status] [7100] Attempting to listen to socketPath: \\?\pipe\C:\Users\innoc\Desktop\react\React-js\website\functions\7100 {"metadata":{"emulator":{"name":"functions"},"function":{"name":"api"},"message":"[runtime-status] [7100] Attempting to listen to socketPath: \\\\?\\pipe\\C:\\Users\\innoc\\Desktop\\react\\React-js\\website\\functions\\7100"}}
[debug] [2020-11-23T04:54:25.201Z] [functions] Runtime ready! Sending request! {"metadata":{"emulator":{"name":"functions"},"message":"[functions] Runtime ready! Sending request!"}}
[debug] [2020-11-23T04:54:25.207Z] [runtime-status] [7100] Ephemeral server handling POST request {"metadata":{"emulator":{"name":"functions"},"function":{"name":"api"},"message":"[runtime-status] [7100] Ephemeral server handling POST request"}}
[info] >  Booom payment recieved succesfully 0 {"user":"Booom payment recieved succesfully 0","metadata":{"emulator":{"name":"functions"},"function":{"name":"api"},"message":"\u001b[90m> \u001b[39m Booom payment recieved succesfully 0"}}
[debug] [2020-11-23T04:54:25.233Z] [runtime-status] [7100] Ephemeral server survived. {"metadata":{"emulator":{"name":"functions"},"function":{"name":"api"},"message":"[runtime-status] [7100] Ephemeral server survived."}}
[info] >  (node:7100) UnhandledPromiseRejectionWarning: Error: This value must be greater than or equal to 1. {"user":"(node:7100) UnhandledPromiseRejectionWarning: Error: This value must be greater than or equal to 1.","metadata":{"emulator":{"name":"functions"},"function":{"name":"api"},"message":"\u001b[90m> \u001b[39m (node:7100) UnhandledPromiseRejectionWarning: Error: This value must be greater than or equal to 1."}}
[info] >      at Function.generate (C:\Users\innoc\Desktop\react\React-js\website\functions\node_modules\stripe\lib\Error.js:40:16) {"user":"    at Function.generate (C:\\Users\\innoc\\Desktop\\react\\React-js\\website\\functions\\node_modules\\stripe\\lib\\Error.js:40:16)","metadata":{"emulator":{"name":"functions"},"function":{"name":"api"},"message":"\u001b[90m> \u001b[39m     at Function.generate (C:\\Users\\innoc\\Desktop\\react\\React-js\\website\\functions\\node_modules\\stripe\\lib\\Error.js:40:16)"}}
[info] >      at IncomingMessage.<anonymous> (C:\Users\innoc\Desktop\react\React-js\website\functions\node_modules\stripe\lib\StripeResource.js:190:33) {"user":"    at IncomingMessage.<anonymous> (C:\\Users\\innoc\\Desktop\\react\\React-js\\website\\functions\\node_modules\\stripe\\lib\\StripeResource.js:190:33)","metadata":{"emulator":{"name":"functions"},"function":{"name":"api"},"message":"\u001b[90m> \u001b[39m     at IncomingMessage.<anonymous> (C:\\Users\\innoc\\Desktop\\react\\React-js\\website\\functions\\node_modules\\stripe\\lib\\StripeResource.js:190:33)"}}
[info] >      at Object.onceWrapper (events.js:420:28) {"user":"    at Object.onceWrapper (events.js:420:28)","metadata":{"emulator":{"name":"functions"},"function":{"name":"api"},"message":"\u001b[90m> \u001b[39m     at Object.onceWrapper (events.js:420:28)"}}
[info] >      at IncomingMessage.emit (events.js:326:22) {"user":"    at IncomingMessage.emit (events.js:326:22)","metadata":{"emulator":{"name":"functions"},"function":{"name":"api"},"message":"\u001b[90m> \u001b[39m     at IncomingMessage.emit (events.js:326:22)"}}
[info] >      at endReadableNT (_stream_readable.js:1244:12) {"user":"    at endReadableNT (_stream_readable.js:1244:12)","metadata":{"emulator":{"name":"functions"},"function":{"name":"api"},"message":"\u001b[90m> \u001b[39m     at endReadableNT (_stream_readable.js:1244:12)"}}
[info] >      at processTicksAndRejections (internal/process/task_queues.js:80:21) {"user":"    at processTicksAndRejections (internal/process/task_queues.js:80:21)","metadata":{"emulator":{"name":"functions"},"function":{"name":"api"},"message":"\u001b[90m> \u001b[39m     at processTicksAndRejections (internal/process/task_queues.js:80:21)"}}
[info] >  (Use `node --trace-warnings ...` to show where the warning was created) {"user":"(Use `node --trace-warnings ...` to show where the warning was created)","metadata":{"emulator":{"name":"functions"},"function":{"name":"api"},"message":"\u001b[90m> \u001b[39m (Use `node --trace-warnings ...` to show where the warning was created)"}}
[info] >  (node:7100) UnhandledPromiseRejectionWarning: Unhandled promise rejection. This error originated either by throwing inside of an async function without a catch block, or by rejecting a promise which was not handled with .catch(). To terminate the node process on unhandled promise rejection, use the CLI flag `--unhandled-rejections=strict` (see https://nodejs.org/api/cli.html#cli_unhandled_rejections_mode). (rejection id: 1) {"user":"(node:7100) UnhandledPromiseRejectionWarning: Unhandled promise rejection. This error originated either by throwing inside of an async function without a catch block, or by rejecting a promise which was not handled with .catch(). To terminate the node process on unhandled promise rejection, use the CLI flag `--unhandled-rejections=strict` (see https://nodejs.org/api/cli.html#cli_unhandled_rejections_mode). (rejection id: 1)","metadata":{"emulator":{"name":"functions"},"function":{"name":"api"},"message":"\u001b[90m> \u001b[39m (node:7100) UnhandledPromiseRejectionWarning: Unhandled promise rejection. This error originated either by throwing inside of an async function without a catch block, or by rejecting a promise which was not handled with .catch(). To terminate the node process on unhandled promise rejection, use the CLI flag `--unhandled-rejections=strict` (see https://nodejs.org/api/cli.html#cli_unhandled_rejections_mode). (rejection id: 1)"}}
[info] >  (node:7100) [DEP0018] DeprecationWarning: Unhandled promise rejections are deprecated. In the future, promise rejections that are not handled will terminate the Node.js process with a non-zero exit code. {"user":"(node:7100) [DEP0018] DeprecationWarning: Unhandled promise rejections are deprecated. In the future, promise rejections that are not handled will terminate the Node.js process with a non-zero exit code.","metadata":{"emulator":{"name":"functions"},"function":{"name":"api"},"message":"\u001b[90m> \u001b[39m (node:7100) [DEP0018] DeprecationWarning: Unhandled promise rejections are deprecated. In the future, promise rejections that are not handled will terminate the Node.js process with a non-zero exit code."}}
[warn] !  functions: Your function timed out after ~60s. To configure this timeout, see
      https://firebase.google.com/docs/functions/manage-functions#set_timeout_and_memory_allocation. {"metadata":{"emulator":{"name":"functions"},"function":{"name":"api"},"message":"Your function timed out after ~60s. To configure this timeout, see\n      https://firebase.google.com/docs/functions/manage-functions#set_timeout_and_memory_allocation."}}
[info] >  C:\Users\innoc\AppData\Roaming\npm\node_modules\firebase-tools\lib\emulator\functionsEmulatorRuntime.js:642 {"user":"C:\\Users\\innoc\\AppData\\Roaming\\npm\\node_modules\\firebase-tools\\lib\\emulator\\functionsEmulatorRuntime.js:642\r","metadata":{"emulator":{"name":"functions"},"function":{"name":"api"},"message":"\u001b[90m> \u001b[39m C:\\Users\\innoc\\AppData\\Roaming\\npm\\node_modules\\firebase-tools\\lib\\emulator\\functionsEmulatorRuntime.js:642\r"}}
[info] >                  throw new Error("Function timed out."); {"user":"                throw new Error(\"Function timed out.\");\r","metadata":{"emulator":{"name":"functions"},"function":{"name":"api"},"message":"\u001b[90m> \u001b[39m                 throw new Error(\"Function timed out.\");\r"}}
[info] >                  ^ {"user":"                ^\r","metadata":{"emulator":{"name":"functions"},"function":{"name":"api"},"message":"\u001b[90m> \u001b[39m                 ^\r"}}
[info] >   {"user":"\r","metadata":{"emulator":{"name":"functions"},"function":{"name":"api"},"message":"\u001b[90m> \u001b[39m \r"}}
[info] >  Error: Function timed out. {"user":"Error: Function timed out.\r","metadata":{"emulator":{"name":"functions"},"function":{"name":"api"},"message":"\u001b[90m> \u001b[39m Error: Function timed out.\r"}}
[info] >      at Timeout._onTimeout (C:\Users\innoc\AppData\Roaming\npm\node_modules\firebase-tools\lib\emulator\functionsEmulatorRuntime.js:642:23) {"user":"    at Timeout._onTimeout (C:\\Users\\innoc\\AppData\\Roaming\\npm\\node_modules\\firebase-tools\\lib\\emulator\\functionsEmulatorRuntime.js:642:23)\r","metadata":{"emulator":{"name":"functions"},"function":{"name":"api"},"message":"\u001b[90m> \u001b[39m     at Timeout._onTimeout (C:\\Users\\innoc\\AppData\\Roaming\\npm\\node_modules\\firebase-tools\\lib\\emulator\\functionsEmulatorRuntime.js:642:23)\r"}}
[info] >      at listOnTimeout (internal/timers.js:551:17) {"user":"    at listOnTimeout (internal/timers.js:551:17)\r","metadata":{"emulator":{"name":"functions"},"function":{"name":"api"},"message":"\u001b[90m> \u001b[39m     at listOnTimeout (internal/timers.js:551:17)\r"}}
[info] >      at processTimers (internal/timers.js:494:7) {"user":"    at processTimers (internal/timers.js:494:7)\r","metadata":{"emulator":{"name":"functions"},"function":{"name":"api"},"message":"\u001b[90m> \u001b[39m     at processTimers (internal/timers.js:494:7)\r"}}
[debug] [2020-11-23T04:55:25.357Z] [worker-api-dc3a9765-504e-4e3c-9459-c587d376fcbf]: exited {"metadata":{"emulator":{"name":"functions"},"message":"[worker-api-dc3a9765-504e-4e3c-9459-c587d376fcbf]: exited"}}
[debug] [2020-11-23T04:55:25.358Z] [worker-api-dc3a9765-504e-4e3c-9459-c587d376fcbf]: FINISHED {"metadata":{"emulator":{"name":"functions"},"message":"[worker-api-dc3a9765-504e-4e3c-9459-c587d376fcbf]: FINISHED"}}
[debug] [2020-11-23T04:55:25.358Z] [work-queue] {"queueLength":0,"workRunningCount":0}
